<?xml version="1.0" encoding="UTF-8"?>
<testng-results skipped="0" failed="0" total="4" passed="4">
  <reporter-output>
  </reporter-output>
  <suite name="Suite" duration-ms="30038" started-at="2017-12-22T05:02:01Z" finished-at="2017-12-22T05:02:31Z">
    <groups>
    </groups>
    <test name="Test" duration-ms="15916" started-at="2017-12-22T05:02:01Z" finished-at="2017-12-22T05:02:17Z">
      <class name="Consolidatedtests">
        <test-method status="PASS" signature="beforetestfunction()[pri:0, instance:Consolidatedtests@27f674d]" name="beforetestfunction" is-config="true" duration-ms="8511" started-at="2017-12-22T10:32:01Z" finished-at="2017-12-22T10:32:09Z">
          <reporter-output>
          </reporter-output>
        </test-method> <!-- beforetestfunction -->
        <test-method status="PASS" signature="thirdfunction()[pri:0, instance:Consolidatedtests@27f674d]" name="thirdfunction" duration-ms="21" started-at="2017-12-22T10:32:09Z" finished-at="2017-12-22T10:32:09Z">
          <reporter-output>
          </reporter-output>
        </test-method> <!-- thirdfunction -->
        <test-method status="PASS" signature="secondfunction()[pri:0, instance:Consolidatedtests@27f674d]" name="secondfunction" duration-ms="534" started-at="2017-12-22T10:32:09Z" finished-at="2017-12-22T10:32:10Z">
          <reporter-output>
          </reporter-output>
        </test-method> <!-- secondfunction -->
        <test-method status="PASS" signature="firstfunction()[pri:0, instance:Consolidatedtests@27f674d]" name="firstfunction" duration-ms="5560" started-at="2017-12-22T10:32:10Z" finished-at="2017-12-22T10:32:15Z">
          <reporter-output>
          </reporter-output>
        </test-method> <!-- firstfunction -->
        <test-method status="PASS" signature="finalfunction()[pri:0, instance:Consolidatedtests@27f674d]" name="finalfunction" is-config="true" duration-ms="1271" started-at="2017-12-22T10:32:15Z" finished-at="2017-12-22T10:32:17Z">
          <reporter-output>
          </reporter-output>
        </test-method> <!-- finalfunction -->
      </class> <!-- Consolidatedtests -->
    </test> <!-- Test -->
    <test name="test2" duration-ms="14072" started-at="2017-12-22T05:02:17Z" finished-at="2017-12-22T05:02:31Z">
      <class name="secondpackage.NewTest">
        <test-method status="PASS" signature="secondmethod()[pri:0, instance:secondpackage.NewTest@4411d970]" name="secondmethod" duration-ms="12748" started-at="2017-12-22T10:32:17Z" finished-at="2017-12-22T10:32:29Z">
          <reporter-output>
          </reporter-output>
        </test-method> <!-- secondmethod -->
        <test-method status="PASS" signature="finalfunction2()[pri:0, instance:secondpackage.NewTest@4411d970]" name="finalfunction2" is-config="true" duration-ms="1324" started-at="2017-12-22T10:32:29Z" finished-at="2017-12-22T10:32:31Z">
          <reporter-output>
          </reporter-output>
        </test-method> <!-- finalfunction2 -->
      </class> <!-- secondpackage.NewTest -->
    </test> <!-- test2 -->
  </suite> <!-- Suite -->
</testng-results>
